{"/Users/ram/dev/wiseplat/wiseplat-clients/src/index.js":{"path":"/Users/ram/dev/wiseplat/wiseplat-clients/src/index.js","s":{"1":1,"2":1,"3":1,"4":1,"5":24,"6":24,"7":2,"8":3,"9":3,"10":12,"11":14,"12":20,"13":20,"14":20,"15":13,"16":13,"17":13,"18":10,"19":13,"20":13,"21":13,"22":3,"23":10,"24":3,"25":7,"26":7,"27":7,"28":7,"29":7,"30":7,"31":7,"32":7,"33":7,"34":7,"35":7,"36":7,"37":7,"38":7,"39":1,"40":1,"41":7,"42":7,"43":7,"44":7,"45":7,"46":0,"47":7,"48":6,"49":6,"50":6,"51":6,"52":6,"53":6,"54":6,"55":2,"56":2,"57":4,"58":2,"59":2,"60":2,"61":1,"62":1,"63":1,"64":1,"65":5,"66":4,"67":4,"68":4,"69":4,"70":4,"71":20,"72":20,"73":0,"74":0,"75":20,"76":20,"77":0,"78":20,"79":20,"80":20,"81":20,"82":20,"83":20,"84":20,"85":5,"86":15,"87":15,"88":15,"89":20,"90":20,"91":20,"92":20,"93":19,"94":19,"95":15,"96":20,"97":19,"98":19,"99":19,"100":19,"101":19,"102":19,"103":19,"104":19,"105":19,"106":9,"107":9,"108":9,"109":9,"110":10,"111":19,"112":5,"113":5,"114":5,"115":5,"116":3,"117":3,"118":19,"119":8,"120":8,"121":8,"122":8,"123":8,"124":11,"125":12,"126":12,"127":4,"128":11,"129":8,"130":3,"131":3,"132":3,"133":8,"134":11,"135":11,"136":12,"137":12,"138":12,"139":12,"140":12,"141":1,"142":11,"143":11,"144":11,"145":11,"146":11,"147":11,"148":12,"149":3,"150":8,"151":8,"152":4,"153":4,"154":33,"155":33,"156":33,"157":1},"b":{"1":[24,2],"2":[1,11],"3":[12,8],"4":[13,1],"5":[3,10],"6":[3,7],"7":[10,8],"8":[7,7],"9":[2,4],"10":[2,1,1],"11":[0,20,0],"12":[5,15],"13":[15,4],"14":[9,0],"15":[5,14],"16":[8,11],"17":[8,3],"18":[1,11],"19":[11,0],"20":[3,9],"21":[33,0]},"f":{"1":174,"2":160,"3":0,"4":13,"5":24,"6":2,"7":3,"8":14,"9":20,"10":13,"11":20,"12":20,"13":20,"14":19,"15":12,"16":33},"fnMap":{"1":{"name":"(anonymous_1)","line":19,"loc":{"start":{"line":19,"column":9},"end":{"line":19,"column":20}}},"2":{"name":"(anonymous_2)","line":20,"loc":{"start":{"line":20,"column":8},"end":{"line":20,"column":19}}},"3":{"name":"(anonymous_3)","line":21,"loc":{"start":{"line":21,"column":8},"end":{"line":21,"column":19}}},"4":{"name":"(anonymous_4)","line":22,"loc":{"start":{"line":22,"column":9},"end":{"line":22,"column":20}}},"5":{"name":"(anonymous_5)","line":36,"loc":{"start":{"line":36,"column":14},"end":{"line":36,"column":23}}},"6":{"name":"(anonymous_6)","line":46,"loc":{"start":{"line":46,"column":13},"end":{"line":46,"column":16}}},"7":{"name":"(anonymous_7)","line":55,"loc":{"start":{"line":55,"column":13},"end":{"line":55,"column":19}}},"8":{"name":"(anonymous_8)","line":89,"loc":{"start":{"line":89,"column":14},"end":{"line":89,"column":17}}},"9":{"name":"(anonymous_9)","line":105,"loc":{"start":{"line":105,"column":6},"end":{"line":105,"column":16}}},"10":{"name":"(anonymous_10)","line":142,"loc":{"start":{"line":142,"column":11},"end":{"line":142,"column":31}}},"11":{"name":"(anonymous_11)","line":282,"loc":{"start":{"line":282,"column":19},"end":{"line":282,"column":22}}},"12":{"name":"(anonymous_12)","line":314,"loc":{"start":{"line":314,"column":8},"end":{"line":314,"column":18}}},"13":{"name":"(anonymous_13)","line":340,"loc":{"start":{"line":340,"column":28},"end":{"line":340,"column":31}}},"14":{"name":"(anonymous_14)","line":374,"loc":{"start":{"line":374,"column":22},"end":{"line":374,"column":40}}},"15":{"name":"(anonymous_15)","line":478,"loc":{"start":{"line":478,"column":18},"end":{"line":478,"column":36}}},"16":{"name":"(anonymous_16)","line":525,"loc":{"start":{"line":525,"column":8},"end":{"line":525,"column":20}}}},"statementMap":{"1":{"start":{"line":3,"column":0},"end":{"line":10,"column":36}},"2":{"start":{"line":12,"column":0},"end":{"line":15,"column":2}},"3":{"start":{"line":18,"column":0},"end":{"line":23,"column":2}},"4":{"start":{"line":26,"column":0},"end":{"line":26,"column":71}},"5":{"start":{"line":37,"column":4},"end":{"line":37,"column":43}},"6":{"start":{"line":39,"column":4},"end":{"line":39,"column":32}},"7":{"start":{"line":47,"column":4},"end":{"line":47,"column":24}},"8":{"start":{"line":56,"column":4},"end":{"line":56,"column":22}},"9":{"start":{"line":58,"column":4},"end":{"line":63,"column":5}},"10":{"start":{"line":59,"column":6},"end":{"line":62,"column":7}},"11":{"start":{"line":90,"column":4},"end":{"line":90,"column":25}},"12":{"start":{"line":106,"column":4},"end":{"line":106,"column":41}},"13":{"start":{"line":108,"column":4},"end":{"line":108,"column":28}},"14":{"start":{"line":110,"column":4},"end":{"line":110,"column":31}},"15":{"start":{"line":143,"column":4},"end":{"line":146,"column":16}},"16":{"start":{"line":148,"column":4},"end":{"line":148,"column":61}},"17":{"start":{"line":150,"column":4},"end":{"line":150,"column":80}},"18":{"start":{"line":150,"column":55},"end":{"line":150,"column":72}},"19":{"start":{"line":152,"column":4},"end":{"line":153,"column":49}},"20":{"start":{"line":155,"column":4},"end":{"line":277,"column":7}},"21":{"start":{"line":158,"column":6},"end":{"line":160,"column":7}},"22":{"start":{"line":159,"column":8},"end":{"line":159,"column":80}},"23":{"start":{"line":162,"column":6},"end":{"line":164,"column":7}},"24":{"start":{"line":163,"column":8},"end":{"line":163,"column":71}},"25":{"start":{"line":166,"column":6},"end":{"line":166,"column":26}},"26":{"start":{"line":167,"column":6},"end":{"line":170,"column":9}},"27":{"start":{"line":168,"column":8},"end":{"line":168,"column":27}},"28":{"start":{"line":169,"column":8},"end":{"line":169,"column":25}},"29":{"start":{"line":172,"column":6},"end":{"line":172,"column":64}},"30":{"start":{"line":174,"column":6},"end":{"line":177,"column":8}},"31":{"start":{"line":179,"column":6},"end":{"line":179,"column":80}},"32":{"start":{"line":181,"column":6},"end":{"line":181,"column":34}},"33":{"start":{"line":183,"column":6},"end":{"line":183,"column":84}},"34":{"start":{"line":185,"column":6},"end":{"line":185,"column":94}},"35":{"start":{"line":187,"column":6},"end":{"line":187,"column":61}},"36":{"start":{"line":189,"column":6},"end":{"line":189,"column":49}},"37":{"start":{"line":195,"column":6},"end":{"line":195,"column":31}},"38":{"start":{"line":199,"column":6},"end":{"line":203,"column":8}},"39":{"start":{"line":200,"column":8},"end":{"line":200,"column":32}},"40":{"start":{"line":202,"column":8},"end":{"line":202,"column":87}},"41":{"start":{"line":205,"column":6},"end":{"line":219,"column":9}},"42":{"start":{"line":206,"column":8},"end":{"line":206,"column":79}},"43":{"start":{"line":209,"column":8},"end":{"line":218,"column":9}},"44":{"start":{"line":210,"column":10},"end":{"line":210,"column":57}},"45":{"start":{"line":212,"column":10},"end":{"line":215,"column":13}},"46":{"start":{"line":217,"column":10},"end":{"line":217,"column":89}},"47":{"start":{"line":221,"column":6},"end":{"line":221,"column":21}},"48":{"start":{"line":224,"column":6},"end":{"line":225,"column":42}},"49":{"start":{"line":227,"column":6},"end":{"line":227,"column":65}},"50":{"start":{"line":229,"column":6},"end":{"line":229,"column":76}},"51":{"start":{"line":231,"column":6},"end":{"line":231,"column":32}},"52":{"start":{"line":233,"column":6},"end":{"line":233,"column":77}},"53":{"start":{"line":235,"column":6},"end":{"line":235,"column":18}},"54":{"start":{"line":237,"column":6},"end":{"line":256,"column":7}},"55":{"start":{"line":238,"column":8},"end":{"line":238,"column":65}},"56":{"start":{"line":240,"column":8},"end":{"line":240,"column":68}},"57":{"start":{"line":242,"column":8},"end":{"line":255,"column":9}},"58":{"start":{"line":244,"column":12},"end":{"line":244,"column":50}},"59":{"start":{"line":246,"column":12},"end":{"line":246,"column":85}},"60":{"start":{"line":247,"column":12},"end":{"line":247,"column":18}},"61":{"start":{"line":249,"column":12},"end":{"line":249,"column":48}},"62":{"start":{"line":251,"column":12},"end":{"line":251,"column":84}},"63":{"start":{"line":252,"column":12},"end":{"line":252,"column":18}},"64":{"start":{"line":254,"column":12},"end":{"line":254,"column":77}},"65":{"start":{"line":258,"column":6},"end":{"line":266,"column":9}},"66":{"start":{"line":259,"column":8},"end":{"line":259,"column":74}},"67":{"start":{"line":261,"column":8},"end":{"line":265,"column":10}},"68":{"start":{"line":269,"column":6},"end":{"line":276,"column":9}},"69":{"start":{"line":273,"column":8},"end":{"line":273,"column":29}},"70":{"start":{"line":275,"column":8},"end":{"line":275,"column":20}},"71":{"start":{"line":283,"column":4},"end":{"line":283,"column":47}},"72":{"start":{"line":286,"column":4},"end":{"line":295,"column":5}},"73":{"start":{"line":288,"column":8},"end":{"line":288,"column":25}},"74":{"start":{"line":289,"column":8},"end":{"line":289,"column":14}},"75":{"start":{"line":291,"column":8},"end":{"line":291,"column":25}},"76":{"start":{"line":292,"column":8},"end":{"line":292,"column":14}},"77":{"start":{"line":294,"column":8},"end":{"line":294,"column":36}},"78":{"start":{"line":298,"column":4},"end":{"line":298,"column":30}},"79":{"start":{"line":300,"column":4},"end":{"line":300,"column":29}},"80":{"start":{"line":315,"column":4},"end":{"line":315,"column":23}},"81":{"start":{"line":317,"column":4},"end":{"line":332,"column":7}},"82":{"start":{"line":319,"column":6},"end":{"line":319,"column":30}},"83":{"start":{"line":321,"column":6},"end":{"line":321,"column":69}},"84":{"start":{"line":323,"column":6},"end":{"line":325,"column":7}},"85":{"start":{"line":324,"column":8},"end":{"line":324,"column":15}},"86":{"start":{"line":327,"column":6},"end":{"line":327,"column":89}},"87":{"start":{"line":329,"column":6},"end":{"line":331,"column":9}},"88":{"start":{"line":330,"column":20},"end":{"line":330,"column":61}},"89":{"start":{"line":341,"column":4},"end":{"line":362,"column":7}},"90":{"start":{"line":344,"column":6},"end":{"line":344,"column":59}},"91":{"start":{"line":346,"column":6},"end":{"line":346,"column":33}},"92":{"start":{"line":348,"column":6},"end":{"line":359,"column":7}},"93":{"start":{"line":349,"column":8},"end":{"line":349,"column":54}},"94":{"start":{"line":351,"column":8},"end":{"line":358,"column":9}},"95":{"start":{"line":352,"column":10},"end":{"line":357,"column":12}},"96":{"start":{"line":361,"column":6},"end":{"line":361,"column":29}},"97":{"start":{"line":375,"column":4},"end":{"line":377,"column":16}},"98":{"start":{"line":379,"column":4},"end":{"line":379,"column":56}},"99":{"start":{"line":381,"column":4},"end":{"line":466,"column":7}},"100":{"start":{"line":382,"column":6},"end":{"line":382,"column":43}},"101":{"start":{"line":385,"column":6},"end":{"line":385,"column":24}},"102":{"start":{"line":386,"column":6},"end":{"line":386,"column":38}},"103":{"start":{"line":388,"column":6},"end":{"line":388,"column":65}},"104":{"start":{"line":390,"column":6},"end":{"line":390,"column":26}},"105":{"start":{"line":393,"column":6},"end":{"line":465,"column":8}},"106":{"start":{"line":395,"column":8},"end":{"line":395,"column":62}},"107":{"start":{"line":397,"column":8},"end":{"line":401,"column":9}},"108":{"start":{"line":398,"column":10},"end":{"line":398,"column":80}},"109":{"start":{"line":400,"column":10},"end":{"line":400,"column":36}},"110":{"start":{"line":403,"column":8},"end":{"line":403,"column":68}},"111":{"start":{"line":407,"column":8},"end":{"line":421,"column":9}},"112":{"start":{"line":408,"column":10},"end":{"line":420,"column":13}},"113":{"start":{"line":409,"column":12},"end":{"line":409,"column":56}},"114":{"start":{"line":411,"column":12},"end":{"line":419,"column":13}},"115":{"start":{"line":412,"column":14},"end":{"line":412,"column":57}},"116":{"start":{"line":414,"column":14},"end":{"line":414,"column":93}},"117":{"start":{"line":416,"column":14},"end":{"line":416,"column":38}},"118":{"start":{"line":424,"column":8},"end":{"line":426,"column":9}},"119":{"start":{"line":425,"column":10},"end":{"line":425,"column":64}},"120":{"start":{"line":429,"column":8},"end":{"line":429,"column":84}},"121":{"start":{"line":431,"column":8},"end":{"line":431,"column":39}},"122":{"start":{"line":432,"column":8},"end":{"line":432,"column":45}},"123":{"start":{"line":434,"column":8},"end":{"line":434,"column":18}},"124":{"start":{"line":438,"column":8},"end":{"line":456,"column":11}},"125":{"start":{"line":439,"column":10},"end":{"line":439,"column":93}},"126":{"start":{"line":441,"column":10},"end":{"line":444,"column":13}},"127":{"start":{"line":443,"column":12},"end":{"line":443,"column":70}},"128":{"start":{"line":448,"column":10},"end":{"line":450,"column":11}},"129":{"start":{"line":449,"column":12},"end":{"line":449,"column":19}},"130":{"start":{"line":452,"column":10},"end":{"line":452,"column":41}},"131":{"start":{"line":453,"column":10},"end":{"line":453,"column":54}},"132":{"start":{"line":455,"column":10},"end":{"line":455,"column":54}},"133":{"start":{"line":459,"column":8},"end":{"line":459,"column":38}},"134":{"start":{"line":462,"column":8},"end":{"line":462,"column":62}},"135":{"start":{"line":464,"column":8},"end":{"line":464,"column":39}},"136":{"start":{"line":479,"column":4},"end":{"line":479,"column":63}},"137":{"start":{"line":481,"column":4},"end":{"line":481,"column":68}},"138":{"start":{"line":483,"column":4},"end":{"line":483,"column":67}},"139":{"start":{"line":485,"column":4},"end":{"line":518,"column":7}},"140":{"start":{"line":487,"column":6},"end":{"line":489,"column":7}},"141":{"start":{"line":488,"column":8},"end":{"line":488,"column":63}},"142":{"start":{"line":492,"column":6},"end":{"line":492,"column":63}},"143":{"start":{"line":494,"column":6},"end":{"line":494,"column":52}},"144":{"start":{"line":497,"column":6},"end":{"line":497,"column":53}},"145":{"start":{"line":499,"column":6},"end":{"line":499,"column":61}},"146":{"start":{"line":501,"column":6},"end":{"line":501,"column":47}},"147":{"start":{"line":503,"column":6},"end":{"line":507,"column":7}},"148":{"start":{"line":504,"column":8},"end":{"line":506,"column":9}},"149":{"start":{"line":505,"column":10},"end":{"line":505,"column":79}},"150":{"start":{"line":509,"column":6},"end":{"line":509,"column":63}},"151":{"start":{"line":512,"column":6},"end":{"line":512,"column":42}},"152":{"start":{"line":515,"column":6},"end":{"line":515,"column":70}},"153":{"start":{"line":517,"column":6},"end":{"line":517,"column":16}},"154":{"start":{"line":526,"column":4},"end":{"line":526,"column":22}},"155":{"start":{"line":528,"column":4},"end":{"line":528,"column":59}},"156":{"start":{"line":530,"column":4},"end":{"line":530,"column":28}},"157":{"start":{"line":535,"column":0},"end":{"line":535,"column":26}}},"branchMap":{"1":{"line":37,"type":"binary-expr","locations":[{"start":{"line":37,"column":19},"end":{"line":37,"column":25}},{"start":{"line":37,"column":29},"end":{"line":37,"column":42}}]},"2":{"line":59,"type":"cond-expr","locations":[{"start":{"line":60,"column":10},"end":{"line":60,"column":28}},{"start":{"line":61,"column":10},"end":{"line":61,"column":27}}]},"3":{"line":59,"type":"binary-expr","locations":[{"start":{"line":59,"column":27},"end":{"line":59,"column":30}},{"start":{"line":59,"column":34},"end":{"line":59,"column":64}}]},"4":{"line":150,"type":"binary-expr","locations":[{"start":{"line":150,"column":20},"end":{"line":150,"column":33}},{"start":{"line":150,"column":37},"end":{"line":150,"column":39}}]},"5":{"line":158,"type":"if","locations":[{"start":{"line":158,"column":6},"end":{"line":158,"column":6}},{"start":{"line":158,"column":6},"end":{"line":158,"column":6}}]},"6":{"line":162,"type":"if","locations":[{"start":{"line":162,"column":6},"end":{"line":162,"column":6}},{"start":{"line":162,"column":6},"end":{"line":162,"column":6}}]},"7":{"line":162,"type":"binary-expr","locations":[{"start":{"line":162,"column":10},"end":{"line":162,"column":36}},{"start":{"line":162,"column":40},"end":{"line":162,"column":67}}]},"8":{"line":175,"type":"binary-expr","locations":[{"start":{"line":175,"column":8},"end":{"line":175,"column":30}},{"start":{"line":175,"column":34},"end":{"line":175,"column":52}}]},"9":{"line":237,"type":"if","locations":[{"start":{"line":237,"column":6},"end":{"line":237,"column":6}},{"start":{"line":237,"column":6},"end":{"line":237,"column":6}}]},"10":{"line":242,"type":"switch","locations":[{"start":{"line":243,"column":10},"end":{"line":247,"column":18}},{"start":{"line":248,"column":10},"end":{"line":252,"column":18}},{"start":{"line":253,"column":10},"end":{"line":254,"column":77}}]},"11":{"line":286,"type":"switch","locations":[{"start":{"line":287,"column":6},"end":{"line":289,"column":14}},{"start":{"line":290,"column":6},"end":{"line":292,"column":14}},{"start":{"line":293,"column":6},"end":{"line":294,"column":36}}]},"12":{"line":323,"type":"if","locations":[{"start":{"line":323,"column":6},"end":{"line":323,"column":6}},{"start":{"line":323,"column":6},"end":{"line":323,"column":6}}]},"13":{"line":351,"type":"if","locations":[{"start":{"line":351,"column":8},"end":{"line":351,"column":8}},{"start":{"line":351,"column":8},"end":{"line":351,"column":8}}]},"14":{"line":397,"type":"if","locations":[{"start":{"line":397,"column":8},"end":{"line":397,"column":8}},{"start":{"line":397,"column":8},"end":{"line":397,"column":8}}]},"15":{"line":407,"type":"if","locations":[{"start":{"line":407,"column":8},"end":{"line":407,"column":8}},{"start":{"line":407,"column":8},"end":{"line":407,"column":8}}]},"16":{"line":424,"type":"if","locations":[{"start":{"line":424,"column":8},"end":{"line":424,"column":8}},{"start":{"line":424,"column":8},"end":{"line":424,"column":8}}]},"17":{"line":448,"type":"if","locations":[{"start":{"line":448,"column":10},"end":{"line":448,"column":10}},{"start":{"line":448,"column":10},"end":{"line":448,"column":10}}]},"18":{"line":487,"type":"if","locations":[{"start":{"line":487,"column":6},"end":{"line":487,"column":6}},{"start":{"line":487,"column":6},"end":{"line":487,"column":6}}]},"19":{"line":501,"type":"binary-expr","locations":[{"start":{"line":501,"column":22},"end":{"line":501,"column":40}},{"start":{"line":501,"column":44},"end":{"line":501,"column":46}}]},"20":{"line":504,"type":"if","locations":[{"start":{"line":504,"column":8},"end":{"line":504,"column":8}},{"start":{"line":504,"column":8},"end":{"line":504,"column":8}}]},"21":{"line":526,"type":"binary-expr","locations":[{"start":{"line":526,"column":11},"end":{"line":526,"column":15}},{"start":{"line":526,"column":19},"end":{"line":526,"column":21}}]}}}}