TN:
SF:/Users/ram/dev/wiseplat/wiseplat-clients/src/index.js
FN:19,(anonymous_1)
FN:20,(anonymous_2)
FN:21,(anonymous_3)
FN:22,(anonymous_4)
FN:36,(anonymous_5)
FN:46,(anonymous_6)
FN:55,(anonymous_7)
FN:89,(anonymous_8)
FN:105,(anonymous_9)
FN:142,(anonymous_10)
FN:282,(anonymous_11)
FN:314,(anonymous_12)
FN:340,(anonymous_13)
FN:374,(anonymous_14)
FN:478,(anonymous_15)
FN:525,(anonymous_16)
FNF:16
FNH:15
FNDA:174,(anonymous_1)
FNDA:160,(anonymous_2)
FNDA:0,(anonymous_3)
FNDA:13,(anonymous_4)
FNDA:24,(anonymous_5)
FNDA:2,(anonymous_6)
FNDA:3,(anonymous_7)
FNDA:14,(anonymous_8)
FNDA:20,(anonymous_9)
FNDA:13,(anonymous_10)
FNDA:20,(anonymous_11)
FNDA:20,(anonymous_12)
FNDA:20,(anonymous_13)
FNDA:19,(anonymous_14)
FNDA:12,(anonymous_15)
FNDA:33,(anonymous_16)
DA:3,1
DA:12,1
DA:18,1
DA:26,1
DA:37,24
DA:39,24
DA:47,2
DA:56,3
DA:58,3
DA:59,12
DA:90,14
DA:106,20
DA:108,20
DA:110,20
DA:143,13
DA:148,13
DA:150,13
DA:152,13
DA:155,13
DA:158,13
DA:159,3
DA:162,10
DA:163,3
DA:166,7
DA:167,7
DA:168,7
DA:169,7
DA:172,7
DA:174,7
DA:179,7
DA:181,7
DA:183,7
DA:185,7
DA:187,7
DA:189,7
DA:195,7
DA:199,7
DA:200,1
DA:202,1
DA:205,7
DA:206,7
DA:209,7
DA:210,7
DA:212,7
DA:217,0
DA:221,7
DA:224,6
DA:227,6
DA:229,6
DA:231,6
DA:233,6
DA:235,6
DA:237,6
DA:238,2
DA:240,2
DA:242,4
DA:244,2
DA:246,2
DA:247,2
DA:249,1
DA:251,1
DA:252,1
DA:254,1
DA:258,5
DA:259,4
DA:261,4
DA:269,4
DA:273,4
DA:275,4
DA:283,20
DA:286,20
DA:288,0
DA:289,0
DA:291,20
DA:292,20
DA:294,0
DA:298,20
DA:300,20
DA:315,20
DA:317,20
DA:319,20
DA:321,20
DA:323,20
DA:324,5
DA:327,15
DA:329,15
DA:330,15
DA:341,20
DA:344,20
DA:346,20
DA:348,20
DA:349,19
DA:351,19
DA:352,15
DA:361,20
DA:375,19
DA:379,19
DA:381,19
DA:382,19
DA:385,19
DA:386,19
DA:388,19
DA:390,19
DA:393,19
DA:395,9
DA:397,9
DA:398,9
DA:400,9
DA:403,10
DA:407,19
DA:408,5
DA:409,5
DA:411,5
DA:412,5
DA:414,3
DA:416,3
DA:424,19
DA:425,8
DA:429,8
DA:431,8
DA:432,8
DA:434,8
DA:438,11
DA:439,12
DA:441,12
DA:443,4
DA:448,11
DA:449,8
DA:452,3
DA:453,3
DA:455,3
DA:459,8
DA:462,11
DA:464,11
DA:479,12
DA:481,12
DA:483,12
DA:485,12
DA:487,12
DA:488,1
DA:492,11
DA:494,11
DA:497,11
DA:499,11
DA:501,11
DA:503,11
DA:504,12
DA:505,3
DA:509,8
DA:512,8
DA:515,4
DA:517,4
DA:526,33
DA:528,33
DA:530,33
DA:535,1
LF:156
LH:152
BRDA:37,1,0,24
BRDA:37,1,1,2
BRDA:59,2,0,1
BRDA:59,2,1,11
BRDA:59,3,0,12
BRDA:59,3,1,8
BRDA:150,4,0,13
BRDA:150,4,1,1
BRDA:158,5,0,3
BRDA:158,5,1,10
BRDA:162,6,0,3
BRDA:162,6,1,7
BRDA:162,7,0,10
BRDA:162,7,1,8
BRDA:175,8,0,7
BRDA:175,8,1,7
BRDA:237,9,0,2
BRDA:237,9,1,4
BRDA:242,10,0,2
BRDA:242,10,1,1
BRDA:242,10,2,1
BRDA:286,11,0,0
BRDA:286,11,1,20
BRDA:286,11,2,0
BRDA:323,12,0,5
BRDA:323,12,1,15
BRDA:351,13,0,15
BRDA:351,13,1,4
BRDA:397,14,0,9
BRDA:397,14,1,0
BRDA:407,15,0,5
BRDA:407,15,1,14
BRDA:424,16,0,8
BRDA:424,16,1,11
BRDA:448,17,0,8
BRDA:448,17,1,3
BRDA:487,18,0,1
BRDA:487,18,1,11
BRDA:501,19,0,11
BRDA:501,19,1,0
BRDA:504,20,0,3
BRDA:504,20,1,9
BRDA:526,21,0,33
BRDA:526,21,1,0
BRF:44
BRH:39
end_of_record
